[debug] [2025-06-24T11:17:45.198Z] ----------------------------------------------------------------------
[debug] [2025-06-24T11:17:45.209Z] Command:       C:\Program Files\nodejs\node.exe C:\Users\grzeg\AppData\Roaming\npm\node_modules\firebase-tools\lib\bin\firebase.js emulators:exec --project=e-vet-szczecin --ui ng serve
[debug] [2025-06-24T11:17:45.210Z] CLI Version:   13.29.3
[debug] [2025-06-24T11:17:45.210Z] Platform:      win32
[debug] [2025-06-24T11:17:45.210Z] Node Version:  v22.13.1
[debug] [2025-06-24T11:17:45.211Z] Time:          Tue Jun 24 2025 13:17:45 GMT+0200 (czas środkowoeuropejski letni)
[debug] [2025-06-24T11:17:45.211Z] ----------------------------------------------------------------------
[debug] 
[debug] [2025-06-24T11:17:45.566Z] > command requires scopes: ["email","openid","https://www.googleapis.com/auth/cloudplatformprojects.readonly","https://www.googleapis.com/auth/firebase","https://www.googleapis.com/auth/cloud-platform"]
[debug] [2025-06-24T11:17:45.566Z] > authorizing via signed-in user (grzegorzkolaty@gmail.com)
[debug] [2025-06-24T11:17:45.896Z] java version "23.0.2" 2025-01-21

[debug] [2025-06-24T11:17:45.896Z] Java(TM) SE Runtime Environment (build 23.0.2+7-58)
Java HotSpot(TM) 64-Bit Server VM (build 23.0.2+7-58, mixed mode, sharing)

[debug] [2025-06-24T11:17:45.918Z] Parsed Java major version: 23
[info] i  emulators: Starting emulators: auth, functions, firestore, hosting, storage, extensions {"metadata":{"emulator":{"name":"hub"},"message":"Starting emulators: auth, functions, firestore, hosting, storage, extensions"}}
[debug] [2025-06-24T11:17:45.921Z] Checked if tokens are valid: false, expires at: 1750683016368
[debug] [2025-06-24T11:17:45.921Z] Checked if tokens are valid: false, expires at: 1750683016368
[debug] [2025-06-24T11:17:45.921Z] > refreshing access token with scopes: []
[debug] [2025-06-24T11:17:45.923Z] >>> [apiv2][query] POST https://www.googleapis.com/oauth2/v3/token [none]
[debug] [2025-06-24T11:17:45.924Z] >>> [apiv2][body] POST https://www.googleapis.com/oauth2/v3/token [omitted]
[debug] [2025-06-24T11:17:46.093Z] <<< [apiv2][status] POST https://www.googleapis.com/oauth2/v3/token 200
[debug] [2025-06-24T11:17:46.094Z] <<< [apiv2][body] POST https://www.googleapis.com/oauth2/v3/token [omitted]
[debug] [2025-06-24T11:17:46.117Z] >>> [apiv2][query] GET https://cloudresourcemanager.googleapis.com/v1/projects/e-vet-szczecin [none]
[debug] [2025-06-24T11:17:46.980Z] <<< [apiv2][status] GET https://cloudresourcemanager.googleapis.com/v1/projects/e-vet-szczecin 200
[debug] [2025-06-24T11:17:46.981Z] <<< [apiv2][body] GET https://cloudresourcemanager.googleapis.com/v1/projects/e-vet-szczecin {"projectNumber":"36520869364","projectId":"e-vet-szczecin","lifecycleState":"ACTIVE","name":"e-vet-szczecin","labels":{"firebase":"enabled","firebase-core":"disabled"},"createTime":"2025-02-14T10:11:19.141700Z"}
[debug] [2025-06-24T11:17:47.000Z] [logging] Logging Emulator only supports listening on one address (127.0.0.1). Not listening on ::1
[debug] [2025-06-24T11:17:47.000Z] [auth] Authentication Emulator only supports listening on one address (127.0.0.1). Not listening on ::1
[debug] [2025-06-24T11:17:47.000Z] [firestore] Firestore Emulator only supports listening on one address (127.0.0.1). Not listening on ::1
[debug] [2025-06-24T11:17:47.000Z] [firestore.websocket] websocket server for firestore only supports listening on one address (127.0.0.1). Not listening on ::1
[debug] [2025-06-24T11:17:47.000Z] [hosting] Hosting Emulator only supports listening on one address (127.0.0.1). Not listening on ::1
[debug] [2025-06-24T11:17:47.000Z] [storage] Storage Emulator only supports listening on one address (127.0.0.1). Not listening on ::1
[debug] [2025-06-24T11:17:47.001Z] assigned listening specs for emulators {"user":{"hub":[{"address":"127.0.0.1","family":"IPv4","port":4400},{"address":"::1","family":"IPv6","port":4400}],"ui":[{"address":"127.0.0.1","family":"IPv4","port":4000},{"address":"::1","family":"IPv6","port":4000}],"logging":[{"address":"127.0.0.1","family":"IPv4","port":4500}],"auth":[{"address":"127.0.0.1","family":"IPv4","port":9099}],"firestore":[{"address":"127.0.0.1","family":"IPv4","port":8080}],"firestore.websocket":[{"address":"127.0.0.1","family":"IPv4","port":9150}],"hosting":[{"address":"127.0.0.1","family":"IPv4","port":5000}],"storage":[{"address":"127.0.0.1","family":"IPv4","port":9199}]},"metadata":{"message":"assigned listening specs for emulators"}}
[debug] [2025-06-24T11:17:47.008Z] [hub] writing locator at C:\Users\grzeg\AppData\Local\Temp\hub-e-vet-szczecin.json
[debug] [2025-06-24T11:17:47.016Z] Checked if tokens are valid: true, expires at: 1750767465094
[debug] [2025-06-24T11:17:47.016Z] Checked if tokens are valid: true, expires at: 1750767465094
[debug] [2025-06-24T11:17:47.016Z] >>> [apiv2][query] GET https://firebase.googleapis.com/v1beta1/projects/e-vet-szczecin [none]
[debug] [2025-06-24T11:17:47.334Z] <<< [apiv2][status] GET https://firebase.googleapis.com/v1beta1/projects/e-vet-szczecin 200
[debug] [2025-06-24T11:17:47.334Z] <<< [apiv2][body] GET https://firebase.googleapis.com/v1beta1/projects/e-vet-szczecin {"projectId":"e-vet-szczecin","projectNumber":"36520869364","displayName":"e-vet-szczecin","name":"projects/e-vet-szczecin","resources":{"hostingSite":"e-vet-szczecin"},"state":"ACTIVE","etag":"1_c5e4d5c1-2209-4ee0-a4c3-33a60b496065"}
[debug] [2025-06-24T11:17:57.634Z] Checked if tokens are valid: true, expires at: 1750767465094
[debug] [2025-06-24T11:17:57.636Z] Checked if tokens are valid: true, expires at: 1750767465094
[debug] [2025-06-24T11:17:57.637Z] >>> [apiv2][query] GET https://firebasehosting.googleapis.com/v1beta1/projects/e-vet-szczecin/sites pageToken=&pageSize=10
[debug] [2025-06-24T11:17:59.146Z] <<< [apiv2][status] GET https://firebasehosting.googleapis.com/v1beta1/projects/e-vet-szczecin/sites 200
[debug] [2025-06-24T11:17:59.146Z] <<< [apiv2][body] GET https://firebasehosting.googleapis.com/v1beta1/projects/e-vet-szczecin/sites {"sites":[{"name":"projects/e-vet-szczecin/sites/e-vet-szczecin","defaultUrl":"https://e-vet-szczecin.web.app","appId":"1:36520869364:web:5fe370b10529f6a5340da1","type":"DEFAULT_SITE"},{"name":"projects/e-vet-szczecin/sites/e-vet-szczecin-e3452","defaultUrl":"https://e-vet-szczecin-e3452.web.app","type":"USER_SITE"}]}
[debug] [2025-06-24T11:17:59.147Z] Checked if tokens are valid: true, expires at: 1750767465094
[debug] [2025-06-24T11:17:59.147Z] Checked if tokens are valid: true, expires at: 1750767465094
[debug] [2025-06-24T11:17:59.147Z] >>> [apiv2][query] GET https://firebase.googleapis.com/v1beta1/projects/-/webApps/1:36520869364:web:5fe370b10529f6a5340da1/config [none]
[debug] [2025-06-24T11:17:59.947Z] <<< [apiv2][status] GET https://firebase.googleapis.com/v1beta1/projects/-/webApps/1:36520869364:web:5fe370b10529f6a5340da1/config 200
[debug] [2025-06-24T11:17:59.948Z] <<< [apiv2][body] GET https://firebase.googleapis.com/v1beta1/projects/-/webApps/1:36520869364:web:5fe370b10529f6a5340da1/config {"projectId":"e-vet-szczecin","appId":"1:36520869364:web:5fe370b10529f6a5340da1","storageBucket":"e-vet-szczecin.firebasestorage.app","apiKey":"AIzaSyCOpC8X9SUxGIyGzMCifCmzdEV9scOayEw","authDomain":"e-vet-szczecin.firebaseapp.com","messagingSenderId":"36520869364","measurementId":"G-J290P2C8WY"}
[info] 
   Thank you for trying our early preview of Angular support on Firebase Hosting.
   During the preview, support is best-effort and breaking changes can be expected. Proceed with caution.
   The integration is known to work with Angular version 16 - 18. You may encounter errors.

   Documentation: https://firebase.google.com/docs/hosting/frameworks/angular
   File a bug: https://github.com/firebase/firebase-tools/issues/new?template=bug_report.md
   Submit a feature request: https://github.com/firebase/firebase-tools/issues/new?template=feature_request.md

   We'd love to learn from you. Express your interest in helping us shape the future of Firebase Hosting: https://goo.gle/41enW5X

[debug] [2025-06-24T11:18:48.181Z] [web frameworks] effective firebase.json:  {
  "hosting": [
    {
      "source": ".",
      "ignore": [
        "firebase.json",
        "**/.*",
        "**/node_modules/**"
      ],
      "site": "e-vet-szczecin",
      "rewrites": [
        {
          "source": "/**",
          "destination": "/index.html"
        }
      ],
      "redirects": [],
      "headers": [
        {
          "source": "/**/*.[jt]s",
          "headers": [
            {
              "key": "Set-Cookie",
              "value": "__FIREBASE_DEFAULTS__=eyJlbXVsYXRvckhvc3RzIjp7ImF1dGgiOiIxMjcuMC4wLjE6OTA5OSIsImZpcmVzdG9yZSI6IjEyNy4wLjAuMTo4MDgwIiwic3RvcmFnZSI6IjEyNy4wLjAuMTo5MTk5In0sImNvbmZpZyI6eyJwcm9qZWN0SWQiOiJlLXZldC1zemN6ZWNpbiIsImFwcElkIjoiMTozNjUyMDg2OTM2NDp3ZWI6NWZlMzcwYjEwNTI5ZjZhNTM0MGRhMSIsInN0b3JhZ2VCdWNrZXQiOiJlLXZldC1zemN6ZWNpbi5maXJlYmFzZXN0b3JhZ2UuYXBwIiwiYXBpS2V5IjoiQUl6YVN5Q09wQzhYOVNVeEdJeUd6TUNpZkNtemRFVjlzY09heUV3IiwiYXV0aERvbWFpbiI6ImUtdmV0LXN6Y3plY2luLmZpcmViYXNlYXBwLmNvbSIsIm1lc3NhZ2luZ1NlbmRlcklkIjoiMzY1MjA4NjkzNjQiLCJtZWFzdXJlbWVudElkIjoiRy1KMjkwUDJDOFdZIn19; SameSite=Strict; Expires=2027-05-19T21:58:48.181Z; Path=/;"
            }
          ]
        }
      ],
      "cleanUrls": true,
      "i18n": {
        "root": "/"
      },
      "public": ".firebase\\e-vet-szczecin\\hosting",
      "webFramework": "angular"
    }
  ],
  "functions": [
    {
      "source": "functions",
      "codebase": "default",
      "ignore": [
        "node_modules",
        ".git",
        "firebase-debug.log",
        "firebase-debug.*.log",
        "*.local"
      ],
      "predeploy": [
        "npm --prefix \"$RESOURCE_DIR\" run build"
      ]
    }
  ]
}
[debug] [2025-06-24T11:18:48.186Z] [Extensions] Started Extensions emulator, this is a noop.
[debug] [2025-06-24T11:18:48.191Z] [functions] Functions Emulator only supports listening on one address (127.0.0.1). Not listening on ::1
[debug] [2025-06-24T11:18:48.191Z] [eventarc] Eventarc Emulator only supports listening on one address (127.0.0.1). Not listening on ::1
[debug] [2025-06-24T11:18:48.192Z] [tasks] Cloud Tasks Emulator only supports listening on one address (127.0.0.1). Not listening on ::1
[debug] [2025-06-24T11:18:48.192Z] late-assigned ports for functions and eventarc emulators {"user":{"hub":[{"address":"127.0.0.1","family":"IPv4","port":4400},{"address":"::1","family":"IPv6","port":4400}],"ui":[{"address":"127.0.0.1","family":"IPv4","port":4000},{"address":"::1","family":"IPv6","port":4000}],"logging":[{"address":"127.0.0.1","family":"IPv4","port":4500}],"auth":[{"address":"127.0.0.1","family":"IPv4","port":9099}],"firestore":[{"address":"127.0.0.1","family":"IPv4","port":8080}],"firestore.websocket":[{"address":"127.0.0.1","family":"IPv4","port":9150}],"hosting":[{"address":"127.0.0.1","family":"IPv4","port":5000}],"storage":[{"address":"127.0.0.1","family":"IPv4","port":9199}],"functions":[{"address":"127.0.0.1","family":"IPv4","port":5001}],"eventarc":[{"address":"127.0.0.1","family":"IPv4","port":9299}],"tasks":[{"address":"127.0.0.1","family":"IPv4","port":9499}]},"metadata":{"message":"late-assigned ports for functions and eventarc emulators"}}
[warn] !  functions: The following emulators are not running, calls to these services from the Functions emulator will affect production: apphosting, database, pubsub, dataconnect {"metadata":{"emulator":{"name":"functions"},"message":"The following emulators are not running, calls to these services from the Functions emulator will affect production: \u001b[1mapphosting, database, pubsub, dataconnect\u001b[22m"}}
[debug] [2025-06-24T11:18:48.199Z] defaultcredentials: writing to file C:\Users\grzeg\AppData\Roaming\firebase\grzegorzkolaty_gmail_com_application_default_credentials.json
[debug] [2025-06-24T11:18:48.202Z] Setting GAC to C:\Users\grzeg\AppData\Roaming\firebase\grzegorzkolaty_gmail_com_application_default_credentials.json {"metadata":{"emulator":{"name":"functions"},"message":"Setting GAC to C:\\Users\\grzeg\\AppData\\Roaming\\firebase\\grzegorzkolaty_gmail_com_application_default_credentials.json"}}
[debug] [2025-06-24T11:18:48.203Z] Checked if tokens are valid: true, expires at: 1750767465094
[debug] [2025-06-24T11:18:48.203Z] Checked if tokens are valid: true, expires at: 1750767465094
[debug] [2025-06-24T11:18:48.203Z] >>> [apiv2][query] GET https://firebase.googleapis.com/v1beta1/projects/e-vet-szczecin/adminSdkConfig [none]
[debug] [2025-06-24T11:18:48.700Z] <<< [apiv2][status] GET https://firebase.googleapis.com/v1beta1/projects/e-vet-szczecin/adminSdkConfig 200
[debug] [2025-06-24T11:18:48.701Z] <<< [apiv2][body] GET https://firebase.googleapis.com/v1beta1/projects/e-vet-szczecin/adminSdkConfig {"projectId":"e-vet-szczecin","storageBucket":"e-vet-szczecin.firebasestorage.app"}
[debug] [2025-06-24T11:18:48.743Z] Ignoring unsupported arg: auto_download {"metadata":{"emulator":{"name":"firestore"},"message":"Ignoring unsupported arg: auto_download"}}
[debug] [2025-06-24T11:18:48.743Z] Ignoring unsupported arg: single_project_mode_error {"metadata":{"emulator":{"name":"firestore"},"message":"Ignoring unsupported arg: single_project_mode_error"}}
[debug] [2025-06-24T11:18:48.743Z] Starting Firestore Emulator with command {"binary":"java","args":["-Dgoogle.cloud_firestore.debug_log_level=FINE","-Duser.language=en","-jar","C:\\Users\\grzeg\\.cache\\firebase\\emulators\\cloud-firestore-emulator-v1.19.8.jar","--host","127.0.0.1","--port",8080,"--websocket_port",9150,"--project_id","e-vet-szczecin","--rules","C:\\Users\\grzeg\\WebstormProjects\\e-vet-szczecin\\firestore.rules","--single_project_mode",true,"--functions_emulator","127.0.0.1:5001"],"optionalArgs":["port","webchannel_port","host","rules","websocket_port","functions_emulator","seed_from_export","project_id","single_project_mode"],"joinArgs":false,"shell":false,"port":8080} {"metadata":{"emulator":{"name":"firestore"},"message":"Starting Firestore Emulator with command {\"binary\":\"java\",\"args\":[\"-Dgoogle.cloud_firestore.debug_log_level=FINE\",\"-Duser.language=en\",\"-jar\",\"C:\\\\Users\\\\grzeg\\\\.cache\\\\firebase\\\\emulators\\\\cloud-firestore-emulator-v1.19.8.jar\",\"--host\",\"127.0.0.1\",\"--port\",8080,\"--websocket_port\",9150,\"--project_id\",\"e-vet-szczecin\",\"--rules\",\"C:\\\\Users\\\\grzeg\\\\WebstormProjects\\\\e-vet-szczecin\\\\firestore.rules\",\"--single_project_mode\",true,\"--functions_emulator\",\"127.0.0.1:5001\"],\"optionalArgs\":[\"port\",\"webchannel_port\",\"host\",\"rules\",\"websocket_port\",\"functions_emulator\",\"seed_from_export\",\"project_id\",\"single_project_mode\"],\"joinArgs\":false,\"shell\":false,\"port\":8080}"}}
[info] i  firestore: Firestore Emulator logging to firestore-debug.log {"metadata":{"emulator":{"name":"firestore"},"message":"Firestore Emulator logging to \u001b[1mfirestore-debug.log\u001b[22m"}}
[info] +  firestore: Firestore Emulator UI websocket is running on 9150. {"metadata":{"emulator":{"name":"firestore"},"message":"Firestore Emulator UI websocket is running on 9150."}}
[debug] [2025-06-24T11:18:59.372Z] Ignoring unsupported arg: port {"metadata":{"emulator":{"name":"storage"},"message":"Ignoring unsupported arg: port"}}
[debug] [2025-06-24T11:19:00.657Z] Temp file directory for storage emulator: C:\Users\grzeg\AppData\Local\Temp/firebase/storage/blobs {"metadata":{"emulator":{"name":"storage"},"message":"Temp file directory for storage emulator: C:\\Users\\grzeg\\AppData\\Local\\Temp/firebase/storage/blobs"}}
[debug] [2025-06-24T11:19:00.662Z] Checked if tokens are valid: true, expires at: 1750767465094
[debug] [2025-06-24T11:19:00.662Z] Checked if tokens are valid: true, expires at: 1750767465094
[debug] [2025-06-24T11:19:00.663Z] >>> [apiv2][query] GET https://firebasehosting.googleapis.com/v1beta1/projects/e-vet-szczecin/sites 
[debug] [2025-06-24T11:19:01.962Z] <<< [apiv2][status] GET https://firebasehosting.googleapis.com/v1beta1/projects/e-vet-szczecin/sites 200
[debug] [2025-06-24T11:19:01.963Z] <<< [apiv2][body] GET https://firebasehosting.googleapis.com/v1beta1/projects/e-vet-szczecin/sites {"sites":[{"name":"projects/e-vet-szczecin/sites/e-vet-szczecin","defaultUrl":"https://e-vet-szczecin.web.app","appId":"1:36520869364:web:5fe370b10529f6a5340da1","type":"DEFAULT_SITE"},{"name":"projects/e-vet-szczecin/sites/e-vet-szczecin-e3452","defaultUrl":"https://e-vet-szczecin-e3452.web.app","type":"USER_SITE"}]}
[debug] [2025-06-24T11:19:01.963Z] Checked if tokens are valid: true, expires at: 1750767465094
[debug] [2025-06-24T11:19:01.963Z] Checked if tokens are valid: true, expires at: 1750767465094
[debug] [2025-06-24T11:19:01.964Z] >>> [apiv2][query] GET https://firebase.googleapis.com/v1beta1/projects/e-vet-szczecin/webApps/1:36520869364:web:5fe370b10529f6a5340da1/config [none]
[debug] [2025-06-24T11:19:02.677Z] <<< [apiv2][status] GET https://firebase.googleapis.com/v1beta1/projects/e-vet-szczecin/webApps/1:36520869364:web:5fe370b10529f6a5340da1/config 200
[debug] [2025-06-24T11:19:02.677Z] <<< [apiv2][body] GET https://firebase.googleapis.com/v1beta1/projects/e-vet-szczecin/webApps/1:36520869364:web:5fe370b10529f6a5340da1/config {"projectId":"e-vet-szczecin","appId":"1:36520869364:web:5fe370b10529f6a5340da1","storageBucket":"e-vet-szczecin.firebasestorage.app","apiKey":"AIzaSyCOpC8X9SUxGIyGzMCifCmzdEV9scOayEw","authDomain":"e-vet-szczecin.firebaseapp.com","messagingSenderId":"36520869364","measurementId":"G-J290P2C8WY"}
[info] i  hosting[e-vet-szczecin]: Serving hosting files from: .firebase\e-vet-szczecin\hosting {"metadata":{"emulator":{"name":"hosting"},"message":"Serving hosting files from: \u001b[1m.firebase\\e-vet-szczecin\\hosting\u001b[22m"}}
[info] +  hosting[e-vet-szczecin]: Local server: http://127.0.0.1:5000 {"metadata":{"emulator":{"name":"hosting"},"message":"Local server: \u001b[4m\u001b[1mhttp://127.0.0.1:5000\u001b[22m\u001b[24m"}}
[debug] [2025-06-24T11:19:02.720Z] [Extensions] Connecting Extensions emulator, this is a noop.
[info] i  functions: Watching "C:\Users\grzeg\WebstormProjects\e-vet-szczecin\functions" for Cloud Functions... {"metadata":{"emulator":{"name":"functions"},"message":"Watching \"C:\\Users\\grzeg\\WebstormProjects\\e-vet-szczecin\\functions\" for Cloud Functions..."}}
[debug] [2025-06-24T11:19:02.741Z] Validating nodejs source
[debug] [2025-06-24T11:19:05.035Z] > [functions] package.json contents: {
  "name": "functions",
  "scripts": {
    "build": "tsc",
    "build:watch": "tsc --watch",
    "serve": "npm run build && firebase emulators:start --only functions",
    "shell": "npm run build && firebase functions:shell",
    "start": "npm run shell",
    "deploy": "firebase deploy --only functions",
    "logs": "firebase functions:log"
  },
  "engines": {
    "node": "22"
  },
  "main": "lib/index.js",
  "dependencies": {
    "@google-cloud/resource-manager": "^6.1.0",
    "@google-cloud/secret-manager": "^6.0.1",
    "firebase-admin": "^12.6.0",
    "firebase-functions": "^6.0.1",
    "nodemailer": "^7.0.3"
  },
  "devDependencies": {
    "@types/nodemailer": "^6.4.17",
    "firebase-functions-test": "^3.1.0",
    "typescript": "^5.8.3"
  },
  "private": true
}
[debug] [2025-06-24T11:19:05.037Z] Building nodejs source
[debug] [2025-06-24T11:19:05.039Z] Failed to find version of module node: reached end of search path C:\Users\grzeg\WebstormProjects\e-vet-szczecin\functions\node_modules
[info] +  functions: Using node@22 from host. 
[debug] [2025-06-24T11:19:05.042Z] Could not find functions.yaml. Must use http discovery
[debug] [2025-06-24T11:19:05.062Z] Found firebase-functions binary at 'C:\Users\grzeg\WebstormProjects\e-vet-szczecin\functions\node_modules\.bin\firebase-functions'
[info] Serving at port 8505

[debug] [2025-06-24T11:19:07.344Z] Got response from /__/functions.yaml {"endpoints":{"createUser":{"availableMemoryMb":null,"timeoutSeconds":null,"minInstances":null,"maxInstances":null,"ingressSettings":null,"concurrency":null,"serviceAccountEmail":null,"vpc":null,"platform":"gcfv2","labels":{},"callableTrigger":{},"entryPoint":"createUser"},"createNewClinic":{"availableMemoryMb":null,"timeoutSeconds":null,"minInstances":null,"maxInstances":null,"ingressSettings":null,"concurrency":null,"serviceAccountEmail":null,"vpc":null,"platform":"gcfv2","labels":{},"callableTrigger":{},"entryPoint":"createNewClinic"}},"specVersion":"v1alpha1","requiredAPIs":[],"extensions":{}}
[debug] [2025-06-24T11:19:11.484Z] defaultcredentials: writing to file C:\Users\grzeg\AppData\Roaming\firebase\grzegorzkolaty_gmail_com_application_default_credentials.json
[debug] [2025-06-24T11:19:11.485Z] Setting GAC to C:\Users\grzeg\AppData\Roaming\firebase\grzegorzkolaty_gmail_com_application_default_credentials.json {"metadata":{"emulator":{"name":"functions"},"message":"Setting GAC to C:\\Users\\grzeg\\AppData\\Roaming\\firebase\\grzegorzkolaty_gmail_com_application_default_credentials.json"}}
[info] +  functions: Loaded functions definitions from source: createUser, createNewClinic. {"metadata":{"emulator":{"name":"functions"},"message":"Loaded functions definitions from source: createUser, createNewClinic."}}
[info] +  functions[us-central1-createUser]: http function initialized (http://127.0.0.1:5001/e-vet-szczecin/us-central1/createUser). {"metadata":{"emulator":{"name":"functions"},"message":"\u001b[1mhttp\u001b[22m function initialized (http://127.0.0.1:5001/e-vet-szczecin/us-central1/createUser)."}}
[info] +  functions[us-central1-createNewClinic]: http function initialized (http://127.0.0.1:5001/e-vet-szczecin/us-central1/createNewClinic). {"metadata":{"emulator":{"name":"functions"},"message":"\u001b[1mhttp\u001b[22m function initialized (http://127.0.0.1:5001/e-vet-szczecin/us-central1/createNewClinic)."}}
[debug] [2025-06-24T11:19:11.547Z] Could not find VSCode notification endpoint: FetchError: request to http://localhost:40001/vscode/notify failed, reason: . If you are not running the Firebase Data Connect VSCode extension, this is expected and not an issue.
[info] i  Running script: ng serve 
[debug] [2025-06-24T11:19:11.582Z] Running ng serve with environment {"ALLUSERSPROFILE":"C:\\ProgramData","APPDATA":"C:\\Users\\grzeg\\AppData\\Roaming","BERRY_BIN_FOLDER":"C:\\Users\\grzeg\\AppData\\Local\\Temp\\xfs-a88d1568","CommonProgramFiles":"C:\\Program Files\\Common Files","CommonProgramFiles(x86)":"C:\\Program Files (x86)\\Common Files","CommonProgramW6432":"C:\\Program Files\\Common Files","COMPUTERNAME":"DESKTOP-9HF8EMJ","ComSpec":"C:\\WINDOWS\\system32\\cmd.exe","COREPACK_ENABLE_DOWNLOAD_PROMPT":"1","COREPACK_ROOT":"C:\\Program Files\\nodejs\\node_modules\\corepack","DriverData":"C:\\Windows\\System32\\Drivers\\DriverData","FIG_TERM":"1","HOME":"C:\\Users\\grzeg","HOMEDRIVE":"C:","HOMEPATH":"\\Users\\grzeg","INIT_CWD":"C:\\Users\\grzeg\\WebstormProjects\\e-vet-szczecin","INTELLIJ_TERMINAL_COMMAND_BLOCKS_REWORKED":"1","IS_FIREBASE_CLI":"true","JETBRAINS_INTELLIJ_COMMAND_END_MARKER":"BEX6q1iOKmD14oEOccoY3aWg1gKHwygX6rPZYXZzOuYvFD4VUNrvgRplY6jrh5cc","LOCALAPPDATA":"C:\\Users\\grzeg\\AppData\\Local","LOGONSERVER":"\\\\DESKTOP-9HF8EMJ","NODE_ENV":"development","npm_config_user_agent":"yarn/4.9.1 npm/? node/v22.13.1 win32 x64","npm_execpath":"C:\\Users\\grzeg\\AppData\\Local\\Temp\\xfs-a88d1568\\yarn","npm_lifecycle_event":"start","npm_node_execpath":"C:\\Users\\grzeg\\AppData\\Local\\Temp\\xfs-a88d1568\\node","npm_package_json":"C:\\Users\\grzeg\\WebstormProjects\\e-vet-szczecin\\package.json","npm_package_name":"e-vet-szczecin","npm_package_version":"0.0.0","NUMBER_OF_PROCESSORS":"4","OneDrive":"C:\\Users\\grzeg\\OneDrive","OS":"Windows_NT","PATH":"C:\\Users\\grzeg\\AppData\\Local\\Temp\\xfs-a88d1568;C:\\Program Files\\PowerShell\\7;C:\\Program Files\\Common Files\\Oracle\\Java\\javapath;C:\\WINDOWS\\system32;C:\\WINDOWS;C:\\WINDOWS\\System32\\Wbem;C:\\WINDOWS\\System32\\WindowsPowerShell\\v1.0\\;C:\\WINDOWS\\System32\\OpenSSH\\;C:\\Program Files\\Git\\cmd;C:\\Program Files\\nodejs\\;C:\\Program Files\\PowerShell\\7\\;C:\\Users\\grzeg\\AppData\\Local\\Microsoft\\WindowsApps;C:\\Program Files\\JetBrains\\WebStorm 2024.3.2.1\\bin;C:\\Users\\grzeg\\AppData\\Roaming\\npm;C:\\Users\\grzeg\\WebstormProjects\\e-vet-szczecin\\node_modules\\.bin","PATHEXT":".COM;.EXE;.BAT;.CMD;.VBS;.VBE;.JS;.JSE;.WSF;.WSH;.MSC;.CPL","POWERSHELL_DISTRIBUTION_CHANNEL":"MSI:Windows 10 Pro","PROCESSOR_ARCHITECTURE":"AMD64","PROCESSOR_IDENTIFIER":"Intel64 Family 6 Model 158 Stepping 9, GenuineIntel","PROCESSOR_LEVEL":"6","PROCESSOR_REVISION":"9e09","PROCESS_LAUNCHED_BY_CW":"1","PROCESS_LAUNCHED_BY_Q":"1","ProgramData":"C:\\ProgramData","ProgramFiles":"C:\\Program Files","ProgramFiles(x86)":"C:\\Program Files (x86)","ProgramW6432":"C:\\Program Files","PROJECT_CWD":"C:\\Users\\grzeg\\WebstormProjects\\e-vet-szczecin","PROMPT":"$P$G","PSExecutionPolicyPreference":"Bypass","PSModulePath":"C:\\Users\\grzeg\\Documents\\PowerShell\\Modules;C:\\Program Files\\PowerShell\\Modules;c:\\program files\\powershell\\7\\Modules;C:\\Program Files\\WindowsPowerShell\\Modules;C:\\WINDOWS\\system32\\WindowsPowerShell\\v1.0\\Modules","PUBLIC":"C:\\Users\\Public","SystemDrive":"C:","SystemRoot":"C:\\WINDOWS","TEMP":"C:\\Users\\grzeg\\AppData\\Local\\Temp","TERMINAL_EMULATOR":"JetBrains-JediTerm","TERM_SESSION_ID":"c0adb0b1-4b4c-425f-9fc1-95c4edf7e0ea","TMP":"C:\\Users\\grzeg\\AppData\\Local\\Temp","USERDOMAIN":"DESKTOP-9HF8EMJ","USERDOMAIN_ROAMINGPROFILE":"DESKTOP-9HF8EMJ","USERNAME":"grzeg","USERPROFILE":"C:\\Users\\grzeg","WebStorm":"C:\\Program Files\\JetBrains\\WebStorm 2024.3.2.1\\bin;","windir":"C:\\WINDOWS","Yarn":"C:\\Users\\grzeg\\AppData\\Local\\Yarn\\bin","ZES_ENABLE_SYSMAN":"1","__COMPAT_LAYER":"RunAsAdmin","GCLOUD_PROJECT":"e-vet-szczecin","FIREBASE_CONFIG":"{\"projectId\":\"e-vet-szczecin\",\"storageBucket\":\"e-vet-szczecin.appspot.com\",\"databaseURL\":\"https://e-vet-szczecin.firebaseio.com\"}","FIREBASE_EMULATOR_HUB":"127.0.0.1:4400","FIREBASE_AUTH_EMULATOR_HOST":"127.0.0.1:9099","FIRESTORE_EMULATOR_HOST":"127.0.0.1:8080","FIREBASE_FIRESTORE_EMULATOR_ADDRESS":"127.0.0.1:8080","FIREBASE_STORAGE_EMULATOR_HOST":"127.0.0.1:9199","STORAGE_EMULATOR_HOST":"http://127.0.0.1:9199","CLOUD_EVENTARC_EMULATOR_HOST":"http://127.0.0.1:9299","CLOUD_TASKS_EMULATOR_HOST":"127.0.0.1:9499"}
[debug] [2025-06-24T12:01:52.322Z] [work-queue] {"queuedWork":["/e-vet-szczecin/us-central1/createUser-2025-06-24T12:01:52.310Z"],"queueLength":1,"runningWork":[],"workRunningCount":0}
[debug] [2025-06-24T12:01:52.355Z] [work-queue] {"queuedWork":[],"queueLength":0,"runningWork":["/e-vet-szczecin/us-central1/createUser-2025-06-24T12:01:52.310Z"],"workRunningCount":1}
[debug] [2025-06-24T12:01:52.367Z] Accepted request OPTIONS /e-vet-szczecin/us-central1/createUser --> us-central1-createUser
[debug] [2025-06-24T12:01:52.505Z] [functions] Runtime ready! Sending request! {"metadata":{"emulator":{"name":"functions"},"message":"[functions] Runtime ready! Sending request!"}}
[debug] [2025-06-24T12:01:52.511Z] [functions] Got req.url=/e-vet-szczecin/us-central1/createUser, mapping to path=/ {"metadata":{"emulator":{"name":"functions"},"message":"[functions] Got req.url=/e-vet-szczecin/us-central1/createUser, mapping to path=/"}}
[debug] [2025-06-24T12:01:52.591Z] [worker-pool] addWorker(us-central1-createUser) {"metadata":{"emulator":{"name":"functions"},"message":"[worker-pool] addWorker(us-central1-createUser)"}}
[debug] [2025-06-24T12:01:52.597Z] [worker-pool] Adding worker with key us-central1-createUser, total=1 {"metadata":{"emulator":{"name":"functions"},"message":"[worker-pool] Adding worker with key us-central1-createUser, total=1"}}
[info] >  (node:11216) [DEP0040] DeprecationWarning: The `punycode` module is deprecated. Please use a userland alternative instead. {"user":"(node:11216) [DEP0040] DeprecationWarning: The `punycode` module is deprecated. Please use a userland alternative instead.","metadata":{"emulator":{"name":"functions"},"function":{"name":"us-central1-createUser"},"extension":{},"message":"\u001b[90m> \u001b[39m (node:11216) [DEP0040] DeprecationWarning: The `punycode` module is deprecated. Please use a userland alternative instead."}}
[info] >  (Use `node --trace-deprecation ...` to show where the warning was created) {"user":"(Use `node --trace-deprecation ...` to show where the warning was created)","metadata":{"emulator":{"name":"functions"},"function":{"name":"us-central1-createUser"},"extension":{},"message":"\u001b[90m> \u001b[39m (Use `node --trace-deprecation ...` to show where the warning was created)"}}
[debug] [2025-06-24T12:01:55.143Z] [runtime-status] [11216] Resolved module firebase-admin {"declared":true,"installed":true,"version":"12.7.0","resolution":"C:\\Users\\grzeg\\WebstormProjects\\e-vet-szczecin\\functions\\node_modules\\firebase-admin\\lib\\index.js"} {"metadata":{"emulator":{"name":"functions"},"function":{"name":"us-central1-createUser"},"extension":{},"message":"[runtime-status] [11216] Resolved module firebase-admin {\"declared\":true,\"installed\":true,\"version\":\"12.7.0\",\"resolution\":\"C:\\\\Users\\\\grzeg\\\\WebstormProjects\\\\e-vet-szczecin\\\\functions\\\\node_modules\\\\firebase-admin\\\\lib\\\\index.js\"}"}}
[debug] [2025-06-24T12:01:55.144Z] [runtime-status] [11216] Resolved module firebase-functions {"declared":true,"installed":true,"version":"6.3.2","resolution":"C:\\Users\\grzeg\\WebstormProjects\\e-vet-szczecin\\functions\\node_modules\\firebase-functions\\lib\\v2\\index.js"} {"metadata":{"emulator":{"name":"functions"},"function":{"name":"us-central1-createUser"},"extension":{},"message":"[runtime-status] [11216] Resolved module firebase-functions {\"declared\":true,\"installed\":true,\"version\":\"6.3.2\",\"resolution\":\"C:\\\\Users\\\\grzeg\\\\WebstormProjects\\\\e-vet-szczecin\\\\functions\\\\node_modules\\\\firebase-functions\\\\lib\\\\v2\\\\index.js\"}"}}
[debug] [2025-06-24T12:01:55.144Z] [runtime-status] [11216] Outgoing network have been stubbed. [{"name":"http","status":"mocked"},{"name":"http","status":"mocked"},{"name":"https","status":"mocked"},{"name":"https","status":"mocked"},{"name":"net","status":"mocked"}] {"metadata":{"emulator":{"name":"functions"},"function":{"name":"us-central1-createUser"},"extension":{},"message":"[runtime-status] [11216] Outgoing network have been stubbed. [{\"name\":\"http\",\"status\":\"mocked\"},{\"name\":\"http\",\"status\":\"mocked\"},{\"name\":\"https\",\"status\":\"mocked\"},{\"name\":\"https\",\"status\":\"mocked\"},{\"name\":\"net\",\"status\":\"mocked\"}]"}}
[debug] [2025-06-24T12:01:55.156Z] [runtime-status] [11216] Resolved module firebase-functions {"declared":true,"installed":true,"version":"6.3.2","resolution":"C:\\Users\\grzeg\\WebstormProjects\\e-vet-szczecin\\functions\\node_modules\\firebase-functions\\lib\\v2\\index.js"} {"metadata":{"emulator":{"name":"functions"},"function":{"name":"us-central1-createUser"},"extension":{},"message":"[runtime-status] [11216] Resolved module firebase-functions {\"declared\":true,\"installed\":true,\"version\":\"6.3.2\",\"resolution\":\"C:\\\\Users\\\\grzeg\\\\WebstormProjects\\\\e-vet-szczecin\\\\functions\\\\node_modules\\\\firebase-functions\\\\lib\\\\v2\\\\index.js\"}"}}
[debug] [2025-06-24T12:01:55.705Z] [runtime-status] [11216] Checked functions.config() {"config":{}} {"metadata":{"emulator":{"name":"functions"},"function":{"name":"us-central1-createUser"},"extension":{},"message":"[runtime-status] [11216] Checked functions.config() {\"config\":{}}"}}
[debug] [2025-06-24T12:01:55.705Z] [runtime-status] [11216] firebase-functions has been stubbed. {"functionsResolution":{"declared":true,"installed":true,"version":"6.3.2","resolution":"C:\\Users\\grzeg\\WebstormProjects\\e-vet-szczecin\\functions\\node_modules\\firebase-functions\\lib\\v2\\index.js"}} {"metadata":{"emulator":{"name":"functions"},"function":{"name":"us-central1-createUser"},"extension":{},"message":"[runtime-status] [11216] firebase-functions has been stubbed. {\"functionsResolution\":{\"declared\":true,\"installed\":true,\"version\":\"6.3.2\",\"resolution\":\"C:\\\\Users\\\\grzeg\\\\WebstormProjects\\\\e-vet-szczecin\\\\functions\\\\node_modules\\\\firebase-functions\\\\lib\\\\v2\\\\index.js\"}}"}}
[debug] [2025-06-24T12:01:55.707Z] [runtime-status] [11216] Resolved module firebase-functions {"declared":true,"installed":true,"version":"6.3.2","resolution":"C:\\Users\\grzeg\\WebstormProjects\\e-vet-szczecin\\functions\\node_modules\\firebase-functions\\lib\\v2\\index.js"} {"metadata":{"emulator":{"name":"functions"},"function":{"name":"us-central1-createUser"},"extension":{},"message":"[runtime-status] [11216] Resolved module firebase-functions {\"declared\":true,\"installed\":true,\"version\":\"6.3.2\",\"resolution\":\"C:\\\\Users\\\\grzeg\\\\WebstormProjects\\\\e-vet-szczecin\\\\functions\\\\node_modules\\\\firebase-functions\\\\lib\\\\v2\\\\index.js\"}"}}
[debug] [2025-06-24T12:01:55.713Z] [runtime-status] [11216] Resolved module firebase-admin {"declared":true,"installed":true,"version":"12.7.0","resolution":"C:\\Users\\grzeg\\WebstormProjects\\e-vet-szczecin\\functions\\node_modules\\firebase-admin\\lib\\index.js"} {"metadata":{"emulator":{"name":"functions"},"function":{"name":"us-central1-createUser"},"extension":{},"message":"[runtime-status] [11216] Resolved module firebase-admin {\"declared\":true,\"installed\":true,\"version\":\"12.7.0\",\"resolution\":\"C:\\\\Users\\\\grzeg\\\\WebstormProjects\\\\e-vet-szczecin\\\\functions\\\\node_modules\\\\firebase-admin\\\\lib\\\\index.js\"}"}}
[debug] [2025-06-24T12:01:55.717Z] [runtime-status] [11216] Resolved module firebase-functions {"declared":true,"installed":true,"version":"6.3.2","resolution":"C:\\Users\\grzeg\\WebstormProjects\\e-vet-szczecin\\functions\\node_modules\\firebase-functions\\lib\\v2\\index.js"} {"metadata":{"emulator":{"name":"functions"},"function":{"name":"us-central1-createUser"},"extension":{},"message":"[runtime-status] [11216] Resolved module firebase-functions {\"declared\":true,\"installed\":true,\"version\":\"6.3.2\",\"resolution\":\"C:\\\\Users\\\\grzeg\\\\WebstormProjects\\\\e-vet-szczecin\\\\functions\\\\node_modules\\\\firebase-functions\\\\lib\\\\v2\\\\index.js\"}"}}
[debug] [2025-06-24T12:01:55.718Z] [runtime-status] [11216] firebase-admin has been stubbed. {"adminResolution":{"declared":true,"installed":true,"version":"12.7.0","resolution":"C:\\Users\\grzeg\\WebstormProjects\\e-vet-szczecin\\functions\\node_modules\\firebase-admin\\lib\\index.js"}} {"metadata":{"emulator":{"name":"functions"},"function":{"name":"us-central1-createUser"},"extension":{},"message":"[runtime-status] [11216] firebase-admin has been stubbed. {\"adminResolution\":{\"declared\":true,\"installed\":true,\"version\":\"12.7.0\",\"resolution\":\"C:\\\\Users\\\\grzeg\\\\WebstormProjects\\\\e-vet-szczecin\\\\functions\\\\node_modules\\\\firebase-admin\\\\lib\\\\index.js\"}}"}}
[debug] [2025-06-24T12:01:56.280Z] [runtime-status] [11216] Functions runtime initialized. {"cwd":"C:\\Users\\grzeg\\WebstormProjects\\e-vet-szczecin\\functions","node_version":"22.13.1"} {"metadata":{"emulator":{"name":"functions"},"function":{"name":"us-central1-createUser"},"extension":{},"message":"[runtime-status] [11216] Functions runtime initialized. {\"cwd\":\"C:\\\\Users\\\\grzeg\\\\WebstormProjects\\\\e-vet-szczecin\\\\functions\",\"node_version\":\"22.13.1\"}"}}
[debug] [2025-06-24T12:01:56.281Z] [runtime-status] [11216] Listening to port: \\?\pipe\fire_emu_a1882b71bc2e8236 {"metadata":{"emulator":{"name":"functions"},"function":{"name":"us-central1-createUser"},"extension":{},"message":"[runtime-status] [11216] Listening to port: \\\\?\\pipe\\fire_emu_a1882b71bc2e8236"}}
[debug] [2025-06-24T12:01:56.330Z] [worker-us-central1-createUser-b17175dd-b44d-4eb9-b235-655f6d328f50]: IDLE {"metadata":{"emulator":{"name":"functions"},"function":{"name":"us-central1-createUser"},"extension":{},"message":"[worker-us-central1-createUser-b17175dd-b44d-4eb9-b235-655f6d328f50]: IDLE"}}
[debug] [2025-06-24T12:01:56.330Z] [worker-pool] submitRequest(triggerId=us-central1-createUser) {"metadata":{"emulator":{"name":"functions"},"message":"[worker-pool] submitRequest(triggerId=us-central1-createUser)"}}
[info] i  functions: Beginning execution of "us-central1-createUser" {"metadata":{"emulator":{"name":"functions"},"function":{"name":"us-central1-createUser"},"extension":{},"message":"Beginning execution of \"us-central1-createUser\""}}
[debug] [2025-06-24T12:01:56.333Z] [worker-us-central1-createUser-b17175dd-b44d-4eb9-b235-655f6d328f50]: BUSY {"metadata":{"emulator":{"name":"functions"},"function":{"name":"us-central1-createUser"},"extension":{},"message":"[worker-us-central1-createUser-b17175dd-b44d-4eb9-b235-655f6d328f50]: BUSY"}}
[debug] [2025-06-24T12:01:56.341Z] Finishing up request with event=pause {"metadata":{"emulator":{"name":"functions"},"function":{"name":"us-central1-createUser"},"extension":{},"message":"Finishing up request with event=pause"}}
[info] i  functions: Finished "us-central1-createUser" in 8.895ms {"metadata":{"emulator":{"name":"functions"},"function":{"name":"us-central1-createUser"},"extension":{},"message":"Finished \"us-central1-createUser\" in 8.895ms"}}
[debug] [2025-06-24T12:01:56.347Z] [worker-us-central1-createUser-b17175dd-b44d-4eb9-b235-655f6d328f50]: IDLE {"metadata":{"emulator":{"name":"functions"},"function":{"name":"us-central1-createUser"},"extension":{},"message":"[worker-us-central1-createUser-b17175dd-b44d-4eb9-b235-655f6d328f50]: IDLE"}}
[debug] [2025-06-24T12:01:56.347Z] Finishing up request with event=finish {"metadata":{"emulator":{"name":"functions"},"function":{"name":"us-central1-createUser"},"extension":{},"message":"Finishing up request with event=finish"}}
[debug] [2025-06-24T12:01:56.347Z] Finishing up request with event=close {"metadata":{"emulator":{"name":"functions"},"function":{"name":"us-central1-createUser"},"extension":{},"message":"Finishing up request with event=close"}}
[debug] [2025-06-24T12:01:56.348Z] [work-queue] {"queuedWork":[],"queueLength":0,"runningWork":[],"workRunningCount":0}
[debug] [2025-06-24T12:01:56.350Z] [work-queue] {"queuedWork":["/e-vet-szczecin/us-central1/createUser-2025-06-24T12:01:56.350Z"],"queueLength":1,"runningWork":[],"workRunningCount":0}
[debug] [2025-06-24T12:01:56.350Z] [work-queue] {"queuedWork":[],"queueLength":0,"runningWork":["/e-vet-szczecin/us-central1/createUser-2025-06-24T12:01:56.350Z"],"workRunningCount":1}
[debug] [2025-06-24T12:01:56.351Z] Accepted request POST /e-vet-szczecin/us-central1/createUser --> us-central1-createUser
[debug] [2025-06-24T12:01:56.352Z] [functions] Runtime ready! Sending request! {"metadata":{"emulator":{"name":"functions"},"message":"[functions] Runtime ready! Sending request!"}}
[debug] [2025-06-24T12:01:56.353Z] [functions] Got req.url=/e-vet-szczecin/us-central1/createUser, mapping to path=/ {"metadata":{"emulator":{"name":"functions"},"message":"[functions] Got req.url=/e-vet-szczecin/us-central1/createUser, mapping to path=/"}}
[debug] [2025-06-24T12:01:56.353Z] [worker-pool] submitRequest(triggerId=us-central1-createUser) {"metadata":{"emulator":{"name":"functions"},"message":"[worker-pool] submitRequest(triggerId=us-central1-createUser)"}}
[info] i  functions: Beginning execution of "us-central1-createUser" {"metadata":{"emulator":{"name":"functions"},"function":{"name":"us-central1-createUser"},"extension":{},"message":"Beginning execution of \"us-central1-createUser\""}}
[debug] [2025-06-24T12:01:56.354Z] [worker-us-central1-createUser-b17175dd-b44d-4eb9-b235-655f6d328f50]: BUSY {"metadata":{"emulator":{"name":"functions"},"function":{"name":"us-central1-createUser"},"extension":{},"message":"[worker-us-central1-createUser-b17175dd-b44d-4eb9-b235-655f6d328f50]: BUSY"}}
[info] >  {"verifications":{"app":"VALID","auth":"MISSING"},"logging.googleapis.com/labels":{"firebase-log-type":"callable-request-verification"},"severity":"DEBUG","message":"Callable request verification passed"} {"user":{"verifications":{"app":"VALID","auth":"MISSING"},"logging.googleapis.com/labels":{"firebase-log-type":"callable-request-verification"},"severity":"DEBUG","message":"Callable request verification passed"},"metadata":{"emulator":{"name":"functions"},"function":{"name":"us-central1-createUser"},"extension":{},"message":"\u001b[90m> \u001b[39m {\"verifications\":{\"app\":\"VALID\",\"auth\":\"MISSING\"},\"logging.googleapis.com/labels\":{\"firebase-log-type\":\"callable-request-verification\"},\"severity\":\"DEBUG\",\"message\":\"Callable request verification passed\"}"}}
[debug] [2025-06-24T12:01:56.492Z] >>> [apiv2][query] POST http://127.0.0.1:5001/functions/projects/e-vet-szczecin/trigger_multicast [none]
[debug] [2025-06-24T12:01:56.492Z] >>> [apiv2][body] POST http://127.0.0.1:5001/functions/projects/e-vet-szczecin/trigger_multicast {"eventId":"b9a24321-69ed-4b0f-b919-003f1b431c27","eventType":"providers/firebase.auth/eventTypes/user.create","resource":{"name":"projects/e-vet-szczecin","service":"firebaseauth.googleapis.com"},"params":{},"timestamp":"2025-06-24T12:01:56.489Z","data":{"uid":"wA1MDfMQJaS1NSb2F8zixtvpm9ha","email":"grzegorzkolaty1@gmail.com","emailVerified":false,"displayName":"User8sl6","metadata":{"creationTime":"2025-06-24T12:01:56.485Z","lastSignInTime":"2025-06-24T12:01:56.485Z"},"customClaims":{},"providerData":[{"providerId":"password","email":"grzegorzkolaty1@gmail.com","federatedId":"grzegorzkolaty1@gmail.com","rawId":"grzegorzkolaty1@gmail.com","displayName":"User8sl6"}]}}
[debug] [2025-06-24T12:01:56.526Z] <<< [apiv2][status] POST http://127.0.0.1:5001/functions/projects/e-vet-szczecin/trigger_multicast 200
[debug] [2025-06-24T12:01:56.526Z] <<< [apiv2][body] POST http://127.0.0.1:5001/functions/projects/e-vet-szczecin/trigger_multicast {"status":"multicast_acknowledged"}
[warn] !  Google API requested!
   - URL: "https://oauth2.googleapis.com/token"
   - Be careful, this may be a production service. {"metadata":{"emulator":{"name":"functions"},"function":{"name":"us-central1-createUser"},"extension":{},"message":"Google API requested!\n   - URL: \"https://oauth2.googleapis.com/token\"\n   - Be careful, this may be a production service."}}
[debug] [2025-06-24T12:01:59.200Z] Finishing up request with event=pause {"metadata":{"emulator":{"name":"functions"},"function":{"name":"us-central1-createUser"},"extension":{},"message":"Finishing up request with event=pause"}}
[info] i  functions: Finished "us-central1-createUser" in 2847.0851000000002ms {"metadata":{"emulator":{"name":"functions"},"function":{"name":"us-central1-createUser"},"extension":{},"message":"Finished \"us-central1-createUser\" in 2847.0851000000002ms"}}
[debug] [2025-06-24T12:01:59.203Z] [worker-us-central1-createUser-b17175dd-b44d-4eb9-b235-655f6d328f50]: IDLE {"metadata":{"emulator":{"name":"functions"},"function":{"name":"us-central1-createUser"},"extension":{},"message":"[worker-us-central1-createUser-b17175dd-b44d-4eb9-b235-655f6d328f50]: IDLE"}}
[debug] [2025-06-24T12:01:59.203Z] Finishing up request with event=finish {"metadata":{"emulator":{"name":"functions"},"function":{"name":"us-central1-createUser"},"extension":{},"message":"Finishing up request with event=finish"}}
[debug] [2025-06-24T12:01:59.204Z] Finishing up request with event=close {"metadata":{"emulator":{"name":"functions"},"function":{"name":"us-central1-createUser"},"extension":{},"message":"Finishing up request with event=close"}}
[debug] [2025-06-24T12:01:59.204Z] [work-queue] {"queuedWork":[],"queueLength":0,"runningWork":[],"workRunningCount":0}
[info] i  To verify the email address grzegorzkolaty1@gmail.com, follow this link: http://127.0.0.1:9099/emulator/action?mode=verifyEmail&lang=en&oobCode=sDQQrH8wVcP5NXgZiD7PY_3sQKXkDyaHT32XVzfSzRtXFFGfxHs4Vr&apiKey=fake-api-key {"metadata":{"emulator":{"name":"auth"},"message":"To verify the email address grzegorzkolaty1@gmail.com, follow this link: http://127.0.0.1:9099/emulator/action?mode=verifyEmail&lang=en&oobCode=sDQQrH8wVcP5NXgZiD7PY_3sQKXkDyaHT32XVzfSzRtXFFGfxHs4Vr&apiKey=fake-api-key"}}
[info] i  To verify the email address grzegorzkolaty1@gmail.com, follow this link: http://127.0.0.1:9099/emulator/action?mode=verifyEmail&lang=en&oobCode=kU7CxfrwhBeLmTScPfR-1m2o2Q0uqV6w9pBmdMNNmMDS3mcQlBUl67&apiKey=fake-api-key {"metadata":{"emulator":{"name":"auth"},"message":"To verify the email address grzegorzkolaty1@gmail.com, follow this link: http://127.0.0.1:9099/emulator/action?mode=verifyEmail&lang=en&oobCode=kU7CxfrwhBeLmTScPfR-1m2o2Q0uqV6w9pBmdMNNmMDS3mcQlBUl67&apiKey=fake-api-key"}}
[info] i  To verify the email address grzegorzkolaty1@gmail.com, follow this link: http://127.0.0.1:9099/emulator/action?mode=verifyEmail&lang=en&oobCode=4IZ4iGaiwZqlwJfH_pdT6u5eivXRDmndWb-X8EiJ49x4hybTJQ6RQJ&apiKey=fake-api-key {"metadata":{"emulator":{"name":"auth"},"message":"To verify the email address grzegorzkolaty1@gmail.com, follow this link: http://127.0.0.1:9099/emulator/action?mode=verifyEmail&lang=en&oobCode=4IZ4iGaiwZqlwJfH_pdT6u5eivXRDmndWb-X8EiJ49x4hybTJQ6RQJ&apiKey=fake-api-key"}}
[info] i  To verify the email address grzegorzkolaty1@gmail.com, follow this link: http://127.0.0.1:9099/emulator/action?mode=verifyEmail&lang=en&oobCode=miuYfjJe3YnL4z0Yru0j3N3zgj_h5G5-DqcVKI_DAX3qC3IezJqiCn&apiKey=fake-api-key {"metadata":{"emulator":{"name":"auth"},"message":"To verify the email address grzegorzkolaty1@gmail.com, follow this link: http://127.0.0.1:9099/emulator/action?mode=verifyEmail&lang=en&oobCode=miuYfjJe3YnL4z0Yru0j3N3zgj_h5G5-DqcVKI_DAX3qC3IezJqiCn&apiKey=fake-api-key"}}
[info] i  To verify the email address grzegorzkolaty1@gmail.com, follow this link: http://127.0.0.1:9099/emulator/action?mode=verifyEmail&lang=en&oobCode=bxc5a3zs5qDb4g3ekFzzvZuEWhcQ3_wXAOPoV6taxCxMS9fzWGDBAP&apiKey=fake-api-key {"metadata":{"emulator":{"name":"auth"},"message":"To verify the email address grzegorzkolaty1@gmail.com, follow this link: http://127.0.0.1:9099/emulator/action?mode=verifyEmail&lang=en&oobCode=bxc5a3zs5qDb4g3ekFzzvZuEWhcQ3_wXAOPoV6taxCxMS9fzWGDBAP&apiKey=fake-api-key"}}
[info] i  To verify the email address grzegorzkolaty1@gmail.com, follow this link: http://127.0.0.1:9099/emulator/action?mode=verifyEmail&lang=en&oobCode=XFaguR4Rz4qCrLesFgYi4sgEotKaxBEQ2geyzAnJXmOG9j-4bN-6Vu&apiKey=fake-api-key {"metadata":{"emulator":{"name":"auth"},"message":"To verify the email address grzegorzkolaty1@gmail.com, follow this link: http://127.0.0.1:9099/emulator/action?mode=verifyEmail&lang=en&oobCode=XFaguR4Rz4qCrLesFgYi4sgEotKaxBEQ2geyzAnJXmOG9j-4bN-6Vu&apiKey=fake-api-key"}}
[info] i  To verify the email address grzegorzkolaty1@gmail.com, follow this link: http://127.0.0.1:9099/emulator/action?mode=verifyEmail&lang=en&oobCode=A-Yz4XXtFGUl_J5N3gry5IA8g6c0ue6FsWaO7IV1-WOJMPvSGBpjBt&apiKey=fake-api-key {"metadata":{"emulator":{"name":"auth"},"message":"To verify the email address grzegorzkolaty1@gmail.com, follow this link: http://127.0.0.1:9099/emulator/action?mode=verifyEmail&lang=en&oobCode=A-Yz4XXtFGUl_J5N3gry5IA8g6c0ue6FsWaO7IV1-WOJMPvSGBpjBt&apiKey=fake-api-key"}}
[info] i  To verify the email address grzegorzkolaty1@gmail.com, follow this link: http://127.0.0.1:9099/emulator/action?mode=verifyEmail&lang=en&oobCode=3e_Gf-imqzKOoYQ3QjDCWybOqJNIiId5Pm7oIGHnlVg-RdoY_ZMHxi&apiKey=fake-api-key {"metadata":{"emulator":{"name":"auth"},"message":"To verify the email address grzegorzkolaty1@gmail.com, follow this link: http://127.0.0.1:9099/emulator/action?mode=verifyEmail&lang=en&oobCode=3e_Gf-imqzKOoYQ3QjDCWybOqJNIiId5Pm7oIGHnlVg-RdoY_ZMHxi&apiKey=fake-api-key"}}
[info] i  To verify the email address grzegorzkolaty1@gmail.com, follow this link: http://127.0.0.1:9099/emulator/action?mode=verifyEmail&lang=en&oobCode=SdHFQ6ECbbFrhdY2KIPvGqwOgWjGFG-f23QvELWALKQPpPqBVUWuFZ&apiKey=fake-api-key {"metadata":{"emulator":{"name":"auth"},"message":"To verify the email address grzegorzkolaty1@gmail.com, follow this link: http://127.0.0.1:9099/emulator/action?mode=verifyEmail&lang=en&oobCode=SdHFQ6ECbbFrhdY2KIPvGqwOgWjGFG-f23QvELWALKQPpPqBVUWuFZ&apiKey=fake-api-key"}}
[info] i  To verify the email address grzegorzkolaty1@gmail.com, follow this link: http://127.0.0.1:9099/emulator/action?mode=verifyEmail&lang=en&oobCode=PVvZFDiC45Bf9ZiXXIuqrIAbo9HHR2lBEtIDNx-BWsJE6JiF8haejP&apiKey=fake-api-key {"metadata":{"emulator":{"name":"auth"},"message":"To verify the email address grzegorzkolaty1@gmail.com, follow this link: http://127.0.0.1:9099/emulator/action?mode=verifyEmail&lang=en&oobCode=PVvZFDiC45Bf9ZiXXIuqrIAbo9HHR2lBEtIDNx-BWsJE6JiF8haejP&apiKey=fake-api-key"}}
[info] i  To verify the email address grzegorzkolaty1@gmail.com, follow this link: http://127.0.0.1:9099/emulator/action?mode=verifyEmail&lang=en&oobCode=flYlCErDs5BbWwMhzovyVHXRE0SVdMZ--y3-PqXrj3_NshJd-SEq9Q&apiKey=fake-api-key {"metadata":{"emulator":{"name":"auth"},"message":"To verify the email address grzegorzkolaty1@gmail.com, follow this link: http://127.0.0.1:9099/emulator/action?mode=verifyEmail&lang=en&oobCode=flYlCErDs5BbWwMhzovyVHXRE0SVdMZ--y3-PqXrj3_NshJd-SEq9Q&apiKey=fake-api-key"}}
[info] i  To verify the email address grzegorzkolaty1@gmail.com, follow this link: http://127.0.0.1:9099/emulator/action?mode=verifyEmail&lang=en&oobCode=utZ8szb19d9ThTseEMHYyaXw8GIqyzTME0VlrizrQDUv94p9DbRRmm&apiKey=fake-api-key {"metadata":{"emulator":{"name":"auth"},"message":"To verify the email address grzegorzkolaty1@gmail.com, follow this link: http://127.0.0.1:9099/emulator/action?mode=verifyEmail&lang=en&oobCode=utZ8szb19d9ThTseEMHYyaXw8GIqyzTME0VlrizrQDUv94p9DbRRmm&apiKey=fake-api-key"}}
[info] i  To verify the email address grzegorzkolaty1@gmail.com, follow this link: http://127.0.0.1:9099/emulator/action?mode=verifyEmail&lang=en&oobCode=kph9n8XWfpZhci_O7ONtZVU48vT4iYtTEb5vSUgOcMkXgUO_QPAR14&apiKey=fake-api-key {"metadata":{"emulator":{"name":"auth"},"message":"To verify the email address grzegorzkolaty1@gmail.com, follow this link: http://127.0.0.1:9099/emulator/action?mode=verifyEmail&lang=en&oobCode=kph9n8XWfpZhci_O7ONtZVU48vT4iYtTEb5vSUgOcMkXgUO_QPAR14&apiKey=fake-api-key"}}
[info] i  To verify the email address grzegorzkolaty1@gmail.com, follow this link: http://127.0.0.1:9099/emulator/action?mode=verifyEmail&lang=en&oobCode=C2-l6QnJCmqxngeQdwLqRG_kYzLVjBT44xAIgwFZQkJUuVwUXuLaOt&apiKey=fake-api-key {"metadata":{"emulator":{"name":"auth"},"message":"To verify the email address grzegorzkolaty1@gmail.com, follow this link: http://127.0.0.1:9099/emulator/action?mode=verifyEmail&lang=en&oobCode=C2-l6QnJCmqxngeQdwLqRG_kYzLVjBT44xAIgwFZQkJUuVwUXuLaOt&apiKey=fake-api-key"}}
[info] i  To verify the email address grzegorzkolaty1@gmail.com, follow this link: http://127.0.0.1:9099/emulator/action?mode=verifyEmail&lang=en&oobCode=I45RUK4Bcvxf7bQM85YAy-tpqKjAAjO493b-d9cYRNoao2bBWa1ZlS&apiKey=fake-api-key {"metadata":{"emulator":{"name":"auth"},"message":"To verify the email address grzegorzkolaty1@gmail.com, follow this link: http://127.0.0.1:9099/emulator/action?mode=verifyEmail&lang=en&oobCode=I45RUK4Bcvxf7bQM85YAy-tpqKjAAjO493b-d9cYRNoao2bBWa1ZlS&apiKey=fake-api-key"}}
[info] i  To verify the email address grzegorzkolaty1@gmail.com, follow this link: http://127.0.0.1:9099/emulator/action?mode=verifyEmail&lang=en&oobCode=c66hAN_r0URcqjDVE3H9icVI-hGCdwOveixkdm7IY2qjHGsVC-UOPv&apiKey=fake-api-key {"metadata":{"emulator":{"name":"auth"},"message":"To verify the email address grzegorzkolaty1@gmail.com, follow this link: http://127.0.0.1:9099/emulator/action?mode=verifyEmail&lang=en&oobCode=c66hAN_r0URcqjDVE3H9icVI-hGCdwOveixkdm7IY2qjHGsVC-UOPv&apiKey=fake-api-key"}}
[info] i  To verify the email address grzegorzkolaty1@gmail.com, follow this link: http://127.0.0.1:9099/emulator/action?mode=verifyEmail&lang=en&oobCode=CixMvG0XcjagzDyP0k-g0ZVQvxvceYB3HN1_4frPILauXna0XNs_1E&apiKey=fake-api-key {"metadata":{"emulator":{"name":"auth"},"message":"To verify the email address grzegorzkolaty1@gmail.com, follow this link: http://127.0.0.1:9099/emulator/action?mode=verifyEmail&lang=en&oobCode=CixMvG0XcjagzDyP0k-g0ZVQvxvceYB3HN1_4frPILauXna0XNs_1E&apiKey=fake-api-key"}}
[info] i  To verify the email address grzegorzkolaty1@gmail.com, follow this link: http://127.0.0.1:9099/emulator/action?mode=verifyEmail&lang=en&oobCode=H5us_KN6sacRsFn-0AybeLJBkXupJUNJBNhA4_k0QBRF-oCku12RFG&apiKey=fake-api-key {"metadata":{"emulator":{"name":"auth"},"message":"To verify the email address grzegorzkolaty1@gmail.com, follow this link: http://127.0.0.1:9099/emulator/action?mode=verifyEmail&lang=en&oobCode=H5us_KN6sacRsFn-0AybeLJBkXupJUNJBNhA4_k0QBRF-oCku12RFG&apiKey=fake-api-key"}}
[info] i  To verify the email address grzegorzkolaty1@gmail.com, follow this link: http://127.0.0.1:9099/emulator/action?mode=verifyEmail&lang=en&oobCode=MUeT_9wWhy7PK1WHBc4oMJQlq-WOieBwJGxqiOfAKG7yoTUiLKaer7&apiKey=fake-api-key {"metadata":{"emulator":{"name":"auth"},"message":"To verify the email address grzegorzkolaty1@gmail.com, follow this link: http://127.0.0.1:9099/emulator/action?mode=verifyEmail&lang=en&oobCode=MUeT_9wWhy7PK1WHBc4oMJQlq-WOieBwJGxqiOfAKG7yoTUiLKaer7&apiKey=fake-api-key"}}
[info] i  To verify the email address grzegorzkolaty1@gmail.com, follow this link: http://127.0.0.1:9099/emulator/action?mode=verifyEmail&lang=en&oobCode=VNJAR_Zh7U6feRPrLV2F9d6Kay8y48ZZvHJqE3jfi2LdFeCQ7Wc-qL&apiKey=fake-api-key {"metadata":{"emulator":{"name":"auth"},"message":"To verify the email address grzegorzkolaty1@gmail.com, follow this link: http://127.0.0.1:9099/emulator/action?mode=verifyEmail&lang=en&oobCode=VNJAR_Zh7U6feRPrLV2F9d6Kay8y48ZZvHJqE3jfi2LdFeCQ7Wc-qL&apiKey=fake-api-key"}}
[info] i  To verify the email address grzegorzkolaty1@gmail.com, follow this link: http://127.0.0.1:9099/emulator/action?mode=verifyEmail&lang=en&oobCode=ZJ4HB1WZR0jUEuEGD4VS_JHAs8t3kkvXRt9Ya9Bo6VWE1oOjcs6EU1&apiKey=fake-api-key {"metadata":{"emulator":{"name":"auth"},"message":"To verify the email address grzegorzkolaty1@gmail.com, follow this link: http://127.0.0.1:9099/emulator/action?mode=verifyEmail&lang=en&oobCode=ZJ4HB1WZR0jUEuEGD4VS_JHAs8t3kkvXRt9Ya9Bo6VWE1oOjcs6EU1&apiKey=fake-api-key"}}
[info] i  To verify the email address grzegorzkolaty1@gmail.com, follow this link: http://127.0.0.1:9099/emulator/action?mode=verifyEmail&lang=en&oobCode=5RsoNsoeP0x_rYli822x1B1aC82ZPRHI_3Htq_geb63ZGBFYH6UZas&apiKey=fake-api-key {"metadata":{"emulator":{"name":"auth"},"message":"To verify the email address grzegorzkolaty1@gmail.com, follow this link: http://127.0.0.1:9099/emulator/action?mode=verifyEmail&lang=en&oobCode=5RsoNsoeP0x_rYli822x1B1aC82ZPRHI_3Htq_geb63ZGBFYH6UZas&apiKey=fake-api-key"}}
[info] i  To verify the email address grzegorzkolaty1@gmail.com, follow this link: http://127.0.0.1:9099/emulator/action?mode=verifyEmail&lang=en&oobCode=ac0Rqj2EdplQSWz1U409oYS0IvSaoGfnrGw4tZiTn90UnwWve82FPS&apiKey=fake-api-key {"metadata":{"emulator":{"name":"auth"},"message":"To verify the email address grzegorzkolaty1@gmail.com, follow this link: http://127.0.0.1:9099/emulator/action?mode=verifyEmail&lang=en&oobCode=ac0Rqj2EdplQSWz1U409oYS0IvSaoGfnrGw4tZiTn90UnwWve82FPS&apiKey=fake-api-key"}}
[info] i  To verify the email address grzegorzkolaty1@gmail.com, follow this link: http://127.0.0.1:9099/emulator/action?mode=verifyEmail&lang=en&oobCode=ZTUWYS9vEZMLNYRbT77r2VSYci1Di577Q9-DwCm65wOyFnJMKPrsPP&apiKey=fake-api-key {"metadata":{"emulator":{"name":"auth"},"message":"To verify the email address grzegorzkolaty1@gmail.com, follow this link: http://127.0.0.1:9099/emulator/action?mode=verifyEmail&lang=en&oobCode=ZTUWYS9vEZMLNYRbT77r2VSYci1Di577Q9-DwCm65wOyFnJMKPrsPP&apiKey=fake-api-key"}}
[info] i  To verify the email address grzegorzkolaty1@gmail.com, follow this link: http://127.0.0.1:9099/emulator/action?mode=verifyEmail&lang=en&oobCode=5j8CYJOiOZlRoROJZK22zD2AQd76IJOu9yH14kOXqgqincF8Xpl5fr&apiKey=fake-api-key {"metadata":{"emulator":{"name":"auth"},"message":"To verify the email address grzegorzkolaty1@gmail.com, follow this link: http://127.0.0.1:9099/emulator/action?mode=verifyEmail&lang=en&oobCode=5j8CYJOiOZlRoROJZK22zD2AQd76IJOu9yH14kOXqgqincF8Xpl5fr&apiKey=fake-api-key"}}
[info] i  To verify the email address grzegorzkolaty1@gmail.com, follow this link: http://127.0.0.1:9099/emulator/action?mode=verifyEmail&lang=en&oobCode=K0SOAvqi3LUaHgsWAXM2w79LohOMCJBvHPizIq_3QdDmJ_K0GRj8m0&apiKey=fake-api-key {"metadata":{"emulator":{"name":"auth"},"message":"To verify the email address grzegorzkolaty1@gmail.com, follow this link: http://127.0.0.1:9099/emulator/action?mode=verifyEmail&lang=en&oobCode=K0SOAvqi3LUaHgsWAXM2w79LohOMCJBvHPizIq_3QdDmJ_K0GRj8m0&apiKey=fake-api-key"}}
[info] i  To verify the email address grzegorzkolaty1@gmail.com, follow this link: http://127.0.0.1:9099/emulator/action?mode=verifyEmail&lang=en&oobCode=WGeE2y21QNH7wM3gQc_cyTp39fbJgaSKjumxKTHZfkmOBY_e_-ULo_&apiKey=fake-api-key {"metadata":{"emulator":{"name":"auth"},"message":"To verify the email address grzegorzkolaty1@gmail.com, follow this link: http://127.0.0.1:9099/emulator/action?mode=verifyEmail&lang=en&oobCode=WGeE2y21QNH7wM3gQc_cyTp39fbJgaSKjumxKTHZfkmOBY_e_-ULo_&apiKey=fake-api-key"}}
[info] i  To verify the email address grzegorzkolaty1@gmail.com, follow this link: http://127.0.0.1:9099/emulator/action?mode=verifyEmail&lang=en&oobCode=faP9kAgU6t9p1uQnJPpJ6F54jfO518pZ-dnf5itD3njd60utUZaD6R&apiKey=fake-api-key {"metadata":{"emulator":{"name":"auth"},"message":"To verify the email address grzegorzkolaty1@gmail.com, follow this link: http://127.0.0.1:9099/emulator/action?mode=verifyEmail&lang=en&oobCode=faP9kAgU6t9p1uQnJPpJ6F54jfO518pZ-dnf5itD3njd60utUZaD6R&apiKey=fake-api-key"}}
[info] i  To verify the email address grzegorzkolaty1@gmail.com, follow this link: http://127.0.0.1:9099/emulator/action?mode=verifyEmail&lang=en&oobCode=VH7Qd35SktEiNaXl0L0YoQeo4JMzbNTdsqkbZpqHE7WaR2KmtK9esA&apiKey=fake-api-key {"metadata":{"emulator":{"name":"auth"},"message":"To verify the email address grzegorzkolaty1@gmail.com, follow this link: http://127.0.0.1:9099/emulator/action?mode=verifyEmail&lang=en&oobCode=VH7Qd35SktEiNaXl0L0YoQeo4JMzbNTdsqkbZpqHE7WaR2KmtK9esA&apiKey=fake-api-key"}}
[info] i  To verify the email address grzegorzkolaty1@gmail.com, follow this link: http://127.0.0.1:9099/emulator/action?mode=verifyEmail&lang=en&oobCode=WJcGEDvZ0hXuFkFDf7CE9JYgGXSjPd-DjqGxPPTooDdmGpjhtuhnbP&apiKey=fake-api-key {"metadata":{"emulator":{"name":"auth"},"message":"To verify the email address grzegorzkolaty1@gmail.com, follow this link: http://127.0.0.1:9099/emulator/action?mode=verifyEmail&lang=en&oobCode=WJcGEDvZ0hXuFkFDf7CE9JYgGXSjPd-DjqGxPPTooDdmGpjhtuhnbP&apiKey=fake-api-key"}}
[info] i  To verify the email address grzegorzkolaty1@gmail.com, follow this link: http://127.0.0.1:9099/emulator/action?mode=verifyEmail&lang=en&oobCode=865rVZ9fPHl9x2ShPmktN8PcAVgJYeDOWz4OsdesrXRMFid38_tY4j&apiKey=fake-api-key {"metadata":{"emulator":{"name":"auth"},"message":"To verify the email address grzegorzkolaty1@gmail.com, follow this link: http://127.0.0.1:9099/emulator/action?mode=verifyEmail&lang=en&oobCode=865rVZ9fPHl9x2ShPmktN8PcAVgJYeDOWz4OsdesrXRMFid38_tY4j&apiKey=fake-api-key"}}
